[    0.000000] Initializing cgroup subsys cpuset
[    0.000000] Initializing cgroup subsys cpu
[    0.000000] Initializing cgroup subsys cpuacct
[    0.000000] Linux version 4.4.0-150-generic (buildd@lgw01-amd64-036) (gcc version 5.4.0 20160609 (Ubuntu 5.4.0-6ubuntu1~16.04.10) ) #176-Ubuntu SMP Wed May 29 18:56:26 UTC 2019 (Ubuntu 4.4.0-150.176-generic 4.4.179)
[    0.000000] Command line: BOOT_IMAGE=/boot/vmlinuz-4.4.0-150-generic root=LABEL=cloudimg-rootfs ro console=tty1 console=ttyS0
[    0.000000] KERNEL supported cpus:
[    0.000000]   Intel GenuineIntel
[    0.000000]   AMD AuthenticAMD
[    0.000000]   Centaur CentaurHauls
[    0.000000] x86/fpu: xstate_offset[2]:  576, xstate_sizes[2]:  256
[    0.000000] x86/fpu: Supporting XSAVE feature 0x01: 'x87 floating point registers'
[    0.000000] x86/fpu: Supporting XSAVE feature 0x02: 'SSE registers'
[    0.000000] x86/fpu: Supporting XSAVE feature 0x04: 'AVX registers'
[    0.000000] x86/fpu: Enabled xstate features 0x7, context size is 832 bytes, using 'standard' format.
[    0.000000] e820: BIOS-provided physical RAM map:
[    0.000000] BIOS-e820: [mem 0x0000000000000000-0x000000000009fbff] usable
[    0.000000] BIOS-e820: [mem 0x000000000009fc00-0x000000000009ffff] reserved
[    0.000000] BIOS-e820: [mem 0x00000000000f0000-0x00000000000fffff] reserved
[    0.000000] BIOS-e820: [mem 0x0000000000100000-0x000000003ffeffff] usable
[    0.000000] BIOS-e820: [mem 0x000000003fff0000-0x000000003fffffff] ACPI data
[    0.000000] BIOS-e820: [mem 0x00000000fec00000-0x00000000fec00fff] reserved
[    0.000000] BIOS-e820: [mem 0x00000000fee00000-0x00000000fee00fff] reserved
[    0.000000] BIOS-e820: [mem 0x00000000fffc0000-0x00000000ffffffff] reserved
[    0.000000] NX (Execute Disable) protection: active
[    0.000000] SMBIOS 2.5 present.
[    0.000000] Hypervisor detected: KVM
[    0.000000] e820: last_pfn = 0x3fff0 max_arch_pfn = 0x400000000
[    0.000000] MTRR: Disabled
[    0.000000] x86/PAT: MTRRs disabled, skipping PAT initialization too.
[    0.000000] CPU MTRRs all blank - virtualized system.
[    0.000000] x86/PAT: Configuration [0-7]: WB  WT  UC- UC  WB  WT  UC- UC  
[    0.000000] found SMP MP-table at [mem 0x0009fff0-0x0009ffff] mapped at [ffff88000009fff0]
[    0.000000] Scanning 1 areas for low memory corruption
[    0.000000] RAMDISK: [mem 0x362fc000-0x37175fff]
[    0.000000] ACPI: Early table checksum verification disabled
[    0.000000] ACPI: RSDP 0x00000000000E0000 000024 (v02 VBOX  )
[    0.000000] ACPI: XSDT 0x000000003FFF0030 00003C (v01 VBOX   VBOXXSDT 00000001 ASL  00000061)
[    0.000000] ACPI: FACP 0x000000003FFF00F0 0000F4 (v04 VBOX   VBOXFACP 00000001 ASL  00000061)
[    0.000000] ACPI: DSDT 0x000000003FFF0470 0021FF (v02 VBOX   VBOXBIOS 00000002 INTL 20100528)
[    0.000000] ACPI: FACS 0x000000003FFF0200 000040
[    0.000000] ACPI: FACS 0x000000003FFF0200 000040
[    0.000000] ACPI: APIC 0x000000003FFF0240 000054 (v02 VBOX   VBOXAPIC 00000001 ASL  00000061)
[    0.000000] ACPI: SSDT 0x000000003FFF02A0 0001CC (v01 VBOX   VBOXCPUT 00000002 INTL 20100528)
[    0.000000] No NUMA configuration found
[    0.000000] Faking a node at [mem 0x0000000000000000-0x000000003ffeffff]
[    0.000000] NODE_DATA(0) allocated [mem 0x3ffeb000-0x3ffeffff]
[    0.000000] kvm-clock: Using msrs 4b564d01 and 4b564d00
[    0.000000] kvm-clock: cpu 0, msr 0:3ffe3001, primary cpu clock
[    0.000000] kvm-clock: using sched offset of 3656706466 cycles
[    0.000000] clocksource: kvm-clock: mask: 0xffffffffffffffff max_cycles: 0x1cd42e4dffb, max_idle_ns: 881590591483 ns
[    0.000000] Zone ranges:
[    0.000000]   DMA      [mem 0x0000000000001000-0x0000000000ffffff]
[    0.000000]   DMA32    [mem 0x0000000001000000-0x000000003ffeffff]
[    0.000000]   Normal   empty
[    0.000000]   Device   empty
[    0.000000] Movable zone start for each node
[    0.000000] Early memory node ranges
[    0.000000]   node   0: [mem 0x0000000000001000-0x000000000009efff]
[    0.000000]   node   0: [mem 0x0000000000100000-0x000000003ffeffff]
[    0.000000] Initmem setup node 0 [mem 0x0000000000001000-0x000000003ffeffff]
[    0.000000] ACPI: PM-Timer IO Port: 0x4008
[    0.000000] IOAPIC[0]: apic_id 1, version 32, address 0xfec00000, GSI 0-23
[    0.000000] ACPI: INT_SRC_OVR (bus 0 bus_irq 0 global_irq 2 dfl dfl)
[    0.000000] ACPI: INT_SRC_OVR (bus 0 bus_irq 9 global_irq 9 low level)
[    0.000000] Using ACPI (MADT) for SMP configuration information
[    0.000000] smpboot: Allowing 1 CPUs, 0 hotplug CPUs
[    0.000000] PM: Registered nosave memory: [mem 0x00000000-0x00000fff]
[    0.000000] PM: Registered nosave memory: [mem 0x0009f000-0x0009ffff]
[    0.000000] PM: Registered nosave memory: [mem 0x000a0000-0x000effff]
[    0.000000] PM: Registered nosave memory: [mem 0x000f0000-0x000fffff]
[    0.000000] e820: [mem 0x40000000-0xfebfffff] available for PCI devices
[    0.000000] Booting paravirtualized kernel on KVM
[    0.000000] clocksource: refined-jiffies: mask: 0xffffffff max_cycles: 0xffffffff, max_idle_ns: 7645519600211568 ns
[    0.000000] setup_percpu: NR_CPUS:512 nr_cpumask_bits:512 nr_cpu_ids:1 nr_node_ids:1
[    0.000000] PERCPU: Embedded 34 pages/cpu @ffff88003fc00000 s99480 r8192 d31592 u2097152
[    0.000000] Built 1 zonelists in Node order, mobility grouping on.  Total pages: 257912
[    0.000000] Policy zone: DMA32
[    0.000000] Kernel command line: BOOT_IMAGE=/boot/vmlinuz-4.4.0-150-generic root=LABEL=cloudimg-rootfs ro console=tty1 console=ttyS0
[    0.000000] PID hash table entries: 4096 (order: 3, 32768 bytes)
[    0.000000] Memory: 997872K/1048120K available (8613K kernel code, 1335K rwdata, 4028K rodata, 1484K init, 1284K bss, 50248K reserved, 0K cma-reserved)
[    0.000000] SLUB: HWalign=64, Order=0-3, MinObjects=0, CPUs=1, Nodes=1
[    0.000000] Kernel/User page tables isolation: enabled
[    0.000000] Hierarchical RCU implementation.
[    0.000000] 	Build-time adjustment of leaf fanout to 64.
[    0.000000] 	RCU restricting CPUs from NR_CPUS=512 to nr_cpu_ids=1.
[    0.000000] RCU: Adjusting geometry for rcu_fanout_leaf=64, nr_cpu_ids=1
[    0.000000] NR_IRQS:33024 nr_irqs:256 16
[    0.000000] Console: colour VGA+ 80x25
[    0.000000] console [tty1] enabled
[    0.000000] console [ttyS0] enabled
[    0.000000] tsc: Detected 2711.998 MHz processor
[    8.386412] Calibrating delay loop (skipped) preset value.. 5423.99 BogoMIPS (lpj=10847992)
[    8.589755] pid_max: default: 32768 minimum: 301
[    8.680373] ACPI: Core revision 20150930
[    8.789361] ACPI: 2 ACPI AML tables successfully acquired and loaded
[    8.944910] Security Framework initialized
[    9.045904] Yama: becoming mindful.
[    9.093489] AppArmor: AppArmor initialized
[    9.102178] Dentry cache hash table entries: 131072 (order: 8, 1048576 bytes)
[    9.133143] Inode-cache hash table entries: 65536 (order: 7, 524288 bytes)
[    9.172973] Mount-cache hash table entries: 2048 (order: 2, 16384 bytes)
[    9.219599] Mountpoint-cache hash table entries: 2048 (order: 2, 16384 bytes)
[    9.371835] Initializing cgroup subsys io
[    9.448850] Initializing cgroup subsys memory
[    9.528616] Initializing cgroup subsys devices
[    9.631983] Initializing cgroup subsys freezer
[    9.688565] Initializing cgroup subsys net_cls
[    9.742527] Initializing cgroup subsys perf_event
[    9.829337] Initializing cgroup subsys net_prio
[    9.878497] Initializing cgroup subsys hugetlb
[    9.922915] Initializing cgroup subsys pids
[    9.994885] mce: CPU supports 0 MCE banks
[   10.065801] process: using mwait in idle threads
[   10.159915] Last level iTLB entries: 4KB 64, 2MB 8, 4MB 8
[   10.256829] Last level dTLB entries: 4KB 64, 2MB 0, 4MB 0, 1GB 4
[   10.282863] Spectre V2 : Mitigation: Full generic retpoline
[   10.346669] Spectre V2 : Spectre v2 / SpectreRSB mitigation: Filling RSB on context switch
[   10.373401] Speculative Store Bypass: Vulnerable
[   10.435937] MDS: Vulnerable: Clear CPU buffers attempted, no microcode
[   10.615543] Freeing SMP alternatives memory: 36K
[   10.747891] ftrace: allocating 32298 entries in 127 pages
[   10.928185] smpboot: APIC(0) Converting physical 0 to logical package 0
[   11.066311] smpboot: Max logical packages: 1
[   11.145487] x2apic enabled
[   11.177538] Switched APIC routing to physical x2apic.
[   11.291702] ..TIMER: vector=0x30 apic1=0 pin1=2 apic2=-1 pin2=-1
[   11.522599] smpboot: CPU0: Intel(R) Core(TM) i5-7300U CPU @ 2.60GHz (family: 0x6, model: 0x8e, stepping: 0x9)
[   11.631659] Performance Events: unsupported p6 CPU model 142 no PMU driver, software events only.
[   11.804500] KVM setup paravirtual spinlock
[   11.856269] x86: Booted up 1 node, 1 CPUs
[   11.940399] smpboot: Total of 1 processors activated (5423.99 BogoMIPS)
[   11.972994] devtmpfs: initialized
[   12.000597] evm: security.selinux
[   12.035540] evm: security.SMACK64
[   12.065515] evm: security.SMACK64EXEC
[   12.082260] evm: security.SMACK64TRANSMUTE
[   12.104359] evm: security.SMACK64MMAP
[   12.139450] evm: security.ima
[   12.148684] evm: security.capability
[   12.186248] clocksource: jiffies: mask: 0xffffffff max_cycles: 0xffffffff, max_idle_ns: 7645041785100000 ns
[   12.234768] futex hash table entries: 256 (order: 2, 16384 bytes)
[   12.313862] pinctrl core: initialized pinctrl subsystem
[   12.388299] RTC time: 14:25:28, date: 06/16/19
[   12.465766] NET: Registered protocol family 16
[   12.545257] cpuidle: using governor ladder
[   12.599903] cpuidle: using governor menu
[   12.615558] PCCT header not found.
[   12.640762] ACPI: bus type PCI registered
[   12.683815] acpiphp: ACPI Hot Plug PCI Controller Driver version: 0.5
[   12.734246] PCI: Using configuration type 1 for base access
[   12.842269] ACPI: Added _OSI(Module Device)
[   12.922214] ACPI: Added _OSI(Processor Device)
[   12.984010] ACPI: Added _OSI(3.0 _SCP Extensions)
[   13.044654] ACPI: Added _OSI(Processor Aggregator Device)
[   13.131422] ACPI: Executed 1 blocks of module-level executable AML code
[   13.227208] ACPI: Interpreter enabled
[   13.305460] ACPI: (supports S0 S5)
[   13.354343] ACPI: Using IOAPIC for interrupt routing
[   13.435510] PCI: Using host bridge windows from ACPI; if necessary, use "pci=nocrs" and report a bug
[   13.624731] ACPI: PCI Root Bridge [PCI0] (domain 0000 [bus 00-ff])
[   13.726439] acpi PNP0A03:00: _OSC: OS supports [ASPM ClockPM Segments MSI]
[   13.741180] acpi PNP0A03:00: _OSC: not requesting OS control; OS requires [ExtendedConfig ASPM ClockPM MSI]
[   13.789045] acpi PNP0A03:00: fail to add MMCONFIG information, can't access extended PCI configuration space under this bridge.
[   13.853585] PCI host bridge to bus 0000:00
[   13.916130] pci_bus 0000:00: root bus resource [io  0x0000-0x0cf7 window]
[   13.983491] pci_bus 0000:00: root bus resource [io  0x0d00-0xffff window]
[   14.095110] pci_bus 0000:00: root bus resource [mem 0x000a0000-0x000bffff window]
[   14.254316] pci_bus 0000:00: root bus resource [mem 0x40000000-0xfdffffff window]
[   14.384022] pci_bus 0000:00: root bus resource [bus 00-ff]
[   14.455673] pci 0000:00:01.1: legacy IDE quirk: reg 0x10: [io  0x01f0-0x01f7]
[   14.573209] pci 0000:00:01.1: legacy IDE quirk: reg 0x14: [io  0x03f6]
[   14.707300] pci 0000:00:01.1: legacy IDE quirk: reg 0x18: [io  0x0170-0x0177]
[   14.830046] pci 0000:00:01.1: legacy IDE quirk: reg 0x1c: [io  0x0376]
[   14.889808] pci 0000:00:07.0: quirk: [io  0x4000-0x403f] claimed by PIIX4 ACPI
[   14.944093] pci 0000:00:07.0: quirk: [io  0x4100-0x410f] claimed by PIIX4 SMB
[   14.997956] ACPI: PCI Interrupt Link [LNKA] (IRQs 5 9 10 *11)
[   15.006464] ACPI: PCI Interrupt Link [LNKB] (IRQs 5 9 *10 11)
[   15.012457] ACPI: PCI Interrupt Link [LNKC] (IRQs 5 *9 10 11)
[   15.063911] ACPI: PCI Interrupt Link [LNKD] (IRQs 5 9 10 *11)
[   15.181555] ACPI: Enabled 2 GPEs in block 00 to 07
[   15.231365] vgaarb: setting as boot device: PCI:0000:00:02.0
[   15.316139] vgaarb: device added: PCI:0000:00:02.0,decodes=io+mem,owns=io+mem,locks=none
[   15.455249] vgaarb: loaded
[   15.517547] vgaarb: bridge control possible 0000:00:02.0
[   15.590060] SCSI subsystem initialized
[   15.653146] ACPI: bus type USB registered
[   15.722969] usbcore: registered new interface driver usbfs
[   15.816289] usbcore: registered new interface driver hub
[   15.894026] usbcore: registered new device driver usb
[   15.966693] PCI: Using ACPI for IRQ routing
[   16.054307] NetLabel: Initializing
[   16.062116] NetLabel:  domain hash size = 128
[   16.104189] NetLabel:  protocols = UNLABELED CIPSOv4
[   16.109463] NetLabel:  unlabeled traffic allowed by default
[   16.182594] amd_nb: Cannot enumerate AMD northbridges
[   16.301310] clocksource: Switched to clocksource kvm-clock
[   16.402683] AppArmor: AppArmor Filesystem Enabled
[   16.481285] pnp: PnP ACPI init
[   16.547819] pnp: PnP ACPI: found 3 devices
[   16.650707] clocksource: acpi_pm: mask: 0xffffff max_cycles: 0xffffff, max_idle_ns: 2085701024 ns
[   16.797331] NET: Registered protocol family 2
[   16.886730] TCP established hash table entries: 8192 (order: 4, 65536 bytes)
[   17.029007] TCP bind hash table entries: 8192 (order: 5, 131072 bytes)
[   17.165113] TCP: Hash tables configured (established 8192 bind 8192)
[   17.202927] UDP hash table entries: 512 (order: 2, 16384 bytes)
[   17.213859] UDP-Lite hash table entries: 512 (order: 2, 16384 bytes)
[   17.237860] NET: Registered protocol family 1
[   17.251669] pci 0000:00:00.0: Limiting direct PCI/PCI transfers
[   17.282324] pci 0000:00:01.0: Activating ISA DMA hang workarounds
[   17.309645] Unpacking initramfs...
[   17.631404] Freeing initrd memory: 14824K
[   17.681480] clocksource: tsc: mask: 0xffffffffffffffff max_cycles: 0x27178451938, max_idle_ns: 440795251172 ns
[   17.854800] platform rtc_cmos: registered platform RTC device (no PNP device found)
[   17.949263] Scanning for low memory corruption every 60 seconds
[   17.970287] audit: initializing netlink subsys (disabled)
[   18.001269] audit: type=2000 audit(1560695123.323:1): initialized
[   18.028497] Initialise system trusted keyring
[   18.064696] HugeTLB registered 2 MB page size, pre-allocated 0 pages
[   18.106148] zbud: loaded
[   18.152406] VFS: Disk quotas dquot_6.6.0
[   18.181290] VFS: Dquot-cache hash table entries: 512 (order 0, 4096 bytes)
[   18.217984] squashfs: version 4.0 (2009/01/31) Phillip Lougher
[   18.267927] fuse init (API version 7.23)
[   18.308820] Key type big_key registered
[   18.354665] Allocating IMA MOK and blacklist keyrings.
[   18.393665] Key type asymmetric registered
[   18.422187] Asymmetric key parser 'x509' registered
[   18.427292] Block layer SCSI generic (bsg) driver version 0.4 loaded (major 249)
[   18.487389] io scheduler noop registered
[   18.576449] io scheduler deadline registered (default)
[   18.702721] io scheduler cfq registered
[   18.753900] pci_hotplug: PCI Hot Plug PCI Core version: 0.5
[   18.880648] pciehp: PCI Express Hot Plug Controller Driver version: 0.4
[   18.978582] ACPI: AC Adapter [AC] (off-line)
[   19.038658] input: Power Button as /devices/LNXSYSTM:00/LNXPWRBN:00/input/input0
[   19.158653] ACPI: Power Button [PWRF]
[   19.238445] input: Sleep Button as /devices/LNXSYSTM:00/LNXSLPBN:00/input/input1
[   19.319715] ACPI: Sleep Button [SLPF]
[   19.396276] ACPI: Battery Slot [BAT0] (battery present)
[   19.500971] GHES: HEST is not enabled!
[   19.531005] Serial: 8250/16550 driver, 32 ports, IRQ sharing enabled
[   19.594360] 00:02: ttyS0 at I/O 0x3f8 (irq = 4, base_baud = 115200) is a 16550A
[   19.638600] Linux agpgart interface v0.103
[   19.713439] loop: module loaded
[   19.776505] scsi host0: ata_piix
[   19.817163] scsi host1: ata_piix
[   19.890465] ata1: PATA max UDMA/33 cmd 0x1f0 ctl 0x3f6 bmdma 0xd000 irq 14
[   20.006494] ata2: PATA max UDMA/33 cmd 0x170 ctl 0x376 bmdma 0xd008 irq 15
[   20.092181] libphy: Fixed MDIO Bus: probed
[   20.134453] tun: Universal TUN/TAP device driver, 1.6
[   20.197185] tun: (C) 1999-2004 Max Krasnyansky <maxk@qualcomm.com>
[   20.274602] PPP generic driver version 2.4.2
[   20.348822] ehci_hcd: USB 2.0 'Enhanced' Host Controller (EHCI) Driver
[   20.447318] ehci-pci: EHCI PCI platform driver
[   20.504352] ehci-platform: EHCI generic platform driver
[   20.582897] ohci_hcd: USB 1.1 'Open' Host Controller (OHCI) Driver
[   20.659107] ohci-pci: OHCI PCI platform driver
[   20.675326] ohci-platform: OHCI generic platform driver
[   20.707657] uhci_hcd: USB Universal Host Controller Interface driver
[   20.760176] i8042: PNP: PS/2 Controller [PNP0303:PS2K,PNP0f03:PS2M] at 0x60,0x64 irq 1,12
[   20.860428] serio: i8042 KBD port at 0x60,0x64 irq 1
[   20.949402] serio: i8042 AUX port at 0x60,0x64 irq 12
[   21.018371] mousedev: PS/2 mouse device common for all mice
[   21.124905] input: AT Translated Set 2 keyboard as /devices/platform/i8042/serio0/input/input2
[   21.276653] rtc_cmos rtc_cmos: rtc core: registered rtc_cmos as rtc0
[   21.398755] rtc_cmos rtc_cmos: alarms up to one day, 114 bytes nvram
[   21.524629] i2c /dev entries driver
[   21.582904] device-mapper: uevent: version 1.0.3
[   21.627894] device-mapper: ioctl: 4.34.0-ioctl (2015-10-28) initialised: dm-devel@redhat.com
[   21.772046] ledtrig-cpu: registered to indicate activity on CPUs
[   21.810094] NET: Registered protocol family 10
[   21.834704] NET: Registered protocol family 17
[   21.852753] Key type dns_resolver registered
[   21.885075] registered taskstats version 1
[   21.893255] Loading compiled-in X.509 certificates
[   21.924547] Loaded X.509 cert 'Build time autogenerated kernel key: a7915d3ef14e82ec7978a6e44664328aa121e7a5'
[   22.098786] zswap: loaded using pool lzo/zbud
[   22.165745] Key type trusted registered
[   22.216445] Key type encrypted registered
[   22.248864] AppArmor: AppArmor sha1 policy hashing enabled
[   22.345491] ima: No TPM chip found, activating TPM-bypass!
[   22.425887] ima: Allocated hash algorithm: sha1
[   22.510311] evm: HMAC attrs: 0x1
[   22.554363]   Magic number: 7:62:435
[   22.635468] rtc_cmos rtc_cmos: setting system clock to 2019-06-16 14:25:38 UTC (1560695138)
[   22.770351] BIOS EDD facility v0.16 2004-Jun-25, 0 devices found
[   22.893074] EDD information not available.
[   22.931034] Freeing unused kernel memory: 1484K
[   22.989660] Write protecting the kernel read-only data: 14336k
[   23.026245] Freeing unused kernel memory: 1616K
[   23.064805] Freeing unused kernel memory: 68K
Loading, please [   23.142024] random: udevadm: uninitialized urandom read (16 bytes read, 7 bits of entropy available)
wait...
startin[   23.322315] random: systemd-udevd: uninitialized urandom read (16 bytes read, 7 bits of entropy available)
g version 229
[   23.522635] random: udevadm: uninitialized urandom read (16 bytes read, 7 bits of entropy available)
[   23.719179] random: systemd-udevd: uninitialized urandom read (16 bytes read, 7 bits of entropy available)
[   23.868390] random: systemd-udevd: uninitialized urandom read (16 bytes read, 7 bits of entropy available)
[   24.033385] random: udevadm: uninitialized urandom read (16 bytes read, 7 bits of entropy available)
[   24.113626] random: udevadm: uninitialized urandom read (16 bytes read, 7 bits of entropy available)
[   24.150936] random: systemd-udevd: uninitialized urandom read (16 bytes read, 7 bits of entropy available)
[   24.196371] random: udevadm: uninitialized urandom read (16 bytes read, 7 bits of entropy available)
[   24.339157] random: systemd-udevd: uninitialized urandom read (16 bytes read, 7 bits of entropy available)
[   24.547990] e1000: Intel(R) PRO/1000 Network Driver - version 7.3.21-k8-NAPI
[   24.669689] e1000: Copyright (c) 1999-2006 Intel Corporation.
[   24.778920] Fusion MPT base driver 3.04.20
[   24.850575] Copyright (c) 1999-2008 LSI Corporation
[   24.991732] AVX2 version of gcm_enc/dec engaged.
[   25.040533] AES CTR mode by8 optimization enabled
[   25.141771] Fusion MPT SPI Host driver 3.04.20
[   25.190736] input: ImExPS/2 Generic Explorer Mouse as /devices/platform/i8042/serio1/input/input4
[   25.628521] e1000 0000:00:03.0 eth0: (PCI:33MHz:32-bit) 02:2e:c1:de:99:b7
[   25.745398] e1000 0000:00:03.0 eth0: Intel(R) PRO/1000 Network Connection
[   25.874489] mptbase: ioc0: Initiating bringup
[   26.010092] ioc0: LSI53C1030 A0: Capabilities={Initiator}
[   26.274008] scsi host2: ioc0: LSI53C1030 A0, FwRev=00000000h, Ports=1, MaxQ=256, IRQ=20
[   26.479069] scsi 2:0:0:0: Direct-Access     VBOX     HARDDISK         1.0  PQ: 0 ANSI: 5
[   26.600695] scsi target2:0:0: Beginning Domain Validation
[   26.762947] scsi target2:0:0: Domain Validation skipping write tests
[   26.877970] scsi target2:0:0: Ending Domain Validation
[   27.204695] scsi target2:0:0: asynchronous
[   27.271761] scsi 2:0:1:0: Direct-Access     VBOX     HARDDISK         1.0  PQ: 0 ANSI: 5
[   27.325139] scsi target2:0:1: Beginning Domain Validation
[   27.373964] e1000 0000:00:08.0 eth1: (PCI:33MHz:32-bit) 08:00:27:f4:1b:51
[   27.396042] e1000 0000:00:08.0 eth1: Intel(R) PRO/1000 Network Connection
[   27.477343] scsi target2:0:1: Domain Validation skipping write tests
[   27.503070] scsi target2:0:1: Ending Domain Validation
[   27.508777] e1000 0000:00:08.0 enp0s8: renamed from eth1
[   27.544556] scsi target2:0:1: asynchronous
[   27.556786] e1000 0000:00:03.0 enp0s3: renamed from eth0
[   27.612473] sd 2:0:0:0: Attached scsi generic sg0 type 0
[   27.676900] sd 2:0:0:0: [sda] 20971520 512-byte logical blocks: (10.7 GB/10.0 GiB)
[   27.814436] sd 2:0:1:0: [sdb] 20480 512-byte logical blocks: (10.5 MB/10.0 MiB)
[   27.965105] sd 2:0:1:0: Attached scsi generic sg1 type 0
[   28.036822] sd 2:0:0:0: [sda] Write Protect is off
[   28.108557] sd 2:0:1:0: [sdb] Write Protect is off
[   28.160854] sd 2:0:1:0: [sdb] Incomplete mode parameter data
[   28.243508] sd 2:0:1:0: [sdb] Assuming drive cache: write through
[   28.398895] sd 2:0:0:0: [sda] Incomplete mode parameter data
[   28.511593] sd 2:0:0:0: [sda] Assuming drive cache: write through
[   28.640100]  sda: sda1
[   28.658936] sd 2:0:0:0: [sda] Attached SCSI disk
[   28.709635] sd 2:0:1:0: [sdb] Attached SCSI disk
Begin: Loading e[   30.209786] md: linear personality registered for level -1
ssential drivers[   30.253015] md: multipath personality registered for level -4
 ... [   30.305673] md: raid0 personality registered for level 0
[   30.398633] md: raid1 personality registered for level 1
[   30.569701] raid6: sse2x1   gen()  9772 MB/s
[   30.705734] raid6: sse2x1   xor()  7302 MB/s
[   30.845377] raid6: sse2x2   gen() 10109 MB/s
[   30.993844] raid6: sse2x2   xor()  6348 MB/s
[   31.081445] raid6: sse2x4   gen() 12332 MB/s
[   31.193686] raid6: sse2x4   xor()  9292 MB/s
[   31.345657] raid6: avx2x1   gen() 19027 MB/s
[   31.489427] raid6: avx2x2   gen() 23838 MB/s
[   31.633476] raid6: avx2x4   gen() 24232 MB/s
[   31.712274] raid6: using algorithm avx2x4 gen() 24232 MB/s
[   31.827891] raid6: using avx2x2 recovery algorithm
[   31.916234] xor: automatically using best checksumming function:
[   32.085649]    avx       : 21921.000 MB/sec
[   32.146007] async_tx: api initialized (async)
[   32.200598] md: raid6 personality registered for level 6
[   32.241695] md: raid5 personality registered for level 5
[   32.283628] md: raid4 personality registered for level 4
[   32.352716] md: raid10 personality registered for level 10
done.
Begin: Running /scripts/init-premount ... done[   32.488523] Btrfs loaded
.
Begin: Mounting root file system ... Begin: R[   32.596649] EXT4-fs (sda1): mounted filesystem with ordered data mode. Opts: (null)
unning /scripts/local-top ... done.
Begin: Running /scripts/local-premount ... Scanning for Btrfs filesystems
done.
Warning: fsck not present, so skipping root file system
done.
Begin: Running /scripts/local-bottom ... done.
Begin: Running /scripts/init-bottom ... done.
[   33.104195] systemd[1]: systemd 229 running in system mode. (+PAM +AUDIT +SELINUX +IMA +APPARMOR +SMACK +SYSVINIT +UTMP +LIBCRYPTSETUP +GCRYPT +GNUTLS +ACL +XZ -LZ4 +SECCOMP +BLKID +ELFUTILS +KMOD -IDN)
[   33.357804] systemd[1]: Detected virtualization oracle.
[   33.410637] systemd[1]: Detected architecture x86-64.

Welcome to [1mUbuntu 16.04.6 LTS[0m!

[   33.566652] systemd[1]: Set hostname to <ubuntu>.
[   33.677553] systemd[1]: Initializing machine ID from random generator.
[   33.801234] systemd[1]: Installed transient /etc/machine-id file.
[   33.985041] random: nonblocking pool is initialized
[   34.185773] systemd[1]: Listening on LVM2 metadata daemon socket.
[[0;32m  OK  [0m] Listening on LVM2 metadata daemon socket.
[   34.382896] systemd[1]: Reached target User and Group Name Lookups.
[[0;32m  OK  [0m] Reached target User and Group Name Lookups.
[   34.522542] systemd[1]: Created slice User and Session Slice.
[[0;32m  OK  [0m] Created slice User and Session Slice.
[   34.638668] systemd[1]: Listening on Syslog Socket.
[[0;32m  OK  [0m] Listening on Syslog Socket.
[   34.749890] systemd[1]: Listening on udev Kernel Socket.
[[0;32m  OK  [0m] Listening on udev Kernel Socket.
[   34.890886] systemd[1]: Created slice System Slice.
[[0;32m  OK  [0m] Created slice System Slice.
[   35.055529] systemd[1]: Created slice system-serial\x2dgetty.slice.
[[0;32m  OK  [0m] Created slice system-serial\x2dgetty.slice.
[   35.259036] systemd[1]: Listening on Device-mapper event daemon FIFOs.
[[0;32m  OK  [0m] Listening on Device-mapper event daemon FIFOs.
[   35.474265] systemd[1]: Listening on Journal Socket (/dev/log).
[[0;32m  OK  [0m] Listening on Journal Socket (/dev/log).
[   35.638026] systemd[1]: Set up automount Arbitrary Executable File Formats File System Automount Point.
[[0;32m  OK  [0m] Set up automount Arbitrary Executab...ats File System Automount Point.
[   35.870113] systemd[1]: Reached target System Time Synchronized.
[[0;32m  OK  [0m] Reached target System Time Synchronized.
[   36.074562] systemd[1]: Reached target Swap.
[[0;32m  OK  [0m] Reached target Swap.
[   36.206495] systemd[1]: Started Trigger resolvconf update for networkd DNS.
[[0;32m  OK  [0m] Started Trigger resolvconf update for networkd DNS.
[   36.402555] systemd[1]: Started Forward Password Requests to Wall Directory Watch.
[[0;32m  OK  [0m] Started Forward Password Requests to Wall Directory Watch.
[   36.594847] systemd[1]: Reached target Slices.
[[0;32m  OK  [0m] Reached target Slices.
[   36.690039] systemd[1]: Listening on Journal Socket.
[[0;32m  OK  [0m] Listening on Journal Socket.
[   36.772175] systemd[1]: Starting Set console keymap...
         Starting Set console keymap...
[   36.854498] systemd[1]: Starting Uncomplicated firewall...
         Starting Uncomplicated firewall...
[   37.022069] systemd[1]: Starting Create list of required static device nodes for the current kernel...
         Starting Create list of required st... nodes for the current kernel...
[   37.279022] systemd[1]: Starting Nameserver information manager...
         Starting Nameserver information manager...
[   37.399116] systemd[1]: Starting Remount Root and Kernel File Systems...
         [   37.484886] EXT4-fs (sda1): re-mounted. Opts: (null)
Starting Remount Root and Kernel File Systems...
[   37.627985] systemd[1]: Mounting Huge Pages File System...
         Mounting Huge Pages File System...
[   37.806577] systemd[1]: Mounting POSIX Message Queue File System...
         Mounting POSIX Message Queue File System...
[   37.922683] systemd[1]: Starting Monitoring of LVM2 mirrors, snapshots etc. using dmeventd or progress polling...
         Starting Monitoring of LVM2 mirrors... dmeventd or progress polling...
[   38.114856] systemd[1]: Starting Load Kernel Modules...
         [   38.205420] Loading iSCSI transport class v2.0-870.
Starting Load Ke[   38.319872] iscsi: registered transport (tcp)
rnel Modules...[   38.444151] iscsi: registered transport (iser)

[   38.486298] systemd[1]: Listening on udev Control Socket.
[[0;32m  OK  [0m] Listening on udev Control Socket.
[   38.637930] systemd[1]: Listening on Journal Audit Socket.
[[0;32m  OK  [0m] Listening on Journal Audit Socket.
[   38.801684] systemd[1]: Starting Journal Service...
         Starting Journal Service...
[   38.951802] systemd[1]: Mounting Debug File System...
         Mounting Debug File System...
[   39.049896] systemd[1]: Listening on /dev/initctl Compatibility Named Pipe.
[[0;32m  OK  [0m] Listening on /dev/initctl Compatibility Named Pipe.
[   39.199033] systemd[1]: Listening on LVM2 poll daemon socket.
[[0;32m  OK  [0m] Listening on LVM2 poll daemon socket.
[   39.362102] systemd[1]: Reached target Encrypted Volumes.
[[0;32m  OK  [0m] Reached target Encrypted Volumes.
[   39.525020] systemd[1]: Mounted POSIX Message Queue File System.
[[0;32m  OK  [0m] Mounted POSIX Message Queue File System.
[   39.710577] systemd[1]: Mounted Debug File System.
[[0;32m  OK  [0m] Mounted Debug File System.
[   39.870733] systemd[1]: Mounted Huge Pages File System.
[[0;32m  OK  [0m] Mounted Huge Pages File System.
[   40.063358] systemd[1]: Started Journal Service.
[[0;32m  OK  [0m] Started Journal Service.
[[0;32m  OK  [0m] Started Set console keymap.
[[0;32m  OK  [0m] Started Uncomplicated firewall.
[[0;32m  OK  [0m] Started Create list of required sta...ce nodes for the current kernel.
[[0;32m  OK  [0m] Started Remount Root and Kernel File Systems.
[[0;32m  OK  [0m] Started Load Kernel Modules.
[[0;32m  OK  [0m] Started Nameserrer information manager.
[[0;32m  OK  [0m] Started LVM2 metadata daemon.
         Mounting FUSE Control File System...
         Starting Apply Kernel Variables...
         Starting Load/Save Random Seed...
         Starting udev Coldplug all Devices...
         Starting Create Static Device Nodes in /dev...
         Starting Flush Journal to Persistent Storage...
[[0;32m  OK  [0m] Mounted FUSE Control File System.
[[0;32m  OK  [0m] Started Monitoring of LVM2 mirrors,...ng dmeventd or progress polling.
[[0;32m  OK  [0m] Started Apply Kernel Variables.
[[0;32m  OK  [0m] Started Load/Save Random Seed.
[[0;32m  OK  [0m] Started Create Static Device Nodes in /dev.
[[0;32m  OK  [0m] Started udev Coldplug all Devices.
[[0;32m  OK  [0m] Started Flush Journal to Persistent Storage.
         Starting udev Kernel Device Manager...
[[0;32m  OK  [0m] Reached target Local File Systems (Pre).
[[0;32m  OK  [0m] Reached target Local File Systems.
         Starting Initial cloud-init job (pre-networking)...
         Starting Tell Plymouth To Write Out Runtime Data...
         Starting Create Volatile Files and Directories...
         Starting Set console font and keymap...
         Starting Commit a transient machine-id on disk...
         Starting LSB: AppArmor initialization...
[[0;32m  OK  [0m] Started udev Kernel Device Manager.
[[0;32m  OK  [0m] Started Tell Plymouth To Write Out Runtime Data.
[[0;32m  OK  [0m] Started Create Volatile Files and Directories.
[[0;32m  OK  [0m] Started Commit a transient machine-id on disk.
[[0;32m  OK  [0m] Found device /dev/ttyS0.
[[0;32m  OK  [0m] Listening on Load/Save RF Kill Switch Status /dev/rfkill Watch.
         Starting Update UTMP about System Boot/Shutdown...
[[0;32m  OK  [0m] Started Dispatch Password Requests to Console Directory Watch.
[   28.841614] cloud-init[488]: Cloud-init v. 19.1-1-gbaa47854-0ubuntu1~16.04.1 running 'init-local' at Sun, 16 Jun 2019 14:25:59 +0000. Up 27.89 seconds.
[[0;32m  OK  [0m] Started Initial cloud-init job (pre-networking).
[[0;32m  OK  [0m] Started Set console font and keymap.
[[0;32m  OK  [0m] Started Update UTMP about System Boot/Shutdown.
[[0;32m  OK  [0m] Created slice system-getty.slice.
[[0;32m  OK  [0m] Reached target Network (Pre).
[[0;32m  OK  [0m] Started LSB: AppArmor initialization.
         Starting Raise network interfaces...
[[0;32m  OK  [0m] Started Raise network interfaces.
[[0;32m  OK  [0m] Reached target Network.
         Starting Initial cloud-init job (metadata service crawler)...
[   32.722522] cloud-init[963]: Cloud-init v. 19.1-1-gbaa47854-0ubuntu1~16.04.1 running 'init' at Sun, 16 Jun 2019 14:26:03 +0000. Up 32.04 seconds.
[[   32.929119] cloud-init[963]: ci-info: ++++++++++++++++++++++++++++++++++++++Net device info+++++++++++++++++++++++++++++++++++++++
[   32.930212] cloud-init[963]: ci-info: +--------+-------+----------------------------+---------------+--------+-------------------+
[   32.930807] cloud-init[963]: ci-info: | Device |   Up  |          Address           |      Mask     | Scope  |     Hw-Address    |
[   32.931163] cloud-init[963]: ci-info: +--------+-------+----------------------------+---------------+--------+-------------------+
[   32.931663] cloud-init[963]: ci-info: | enp0s3 |  True |         10.0.2.15          | 255.255.255.0 | global | 02:2e:c1:de:99:b7 |
[   32.932150] cloud-init[963]: ci-info: | enp0s3 |  True | fe80::2e:c1ff:fede:99b7/64 |       .       |  link  | 02:2e:c1:de:99:b7 |
[0;32m  OK  [0m] Started Initial cloud-init job (metadata service crawler).
[[0;32m  OK  [0m] Reached target Network is Online.
[   32.932690] cloud-init[963]: ci-info: | enp0s8 | False |             .              |       .       |   .    | 08:00:27:f4:1b:51 |
[   34.149281] cloud-init[963]: ci-info: |   lo   |  True |         127.0.0.1          |   255.0.0.0   |  host  |         .         |
         Starting iSCSI initiator daemon (iscsid)...
[[0;32m  OK  [0m] Reached target Cloud-config availability.
[   34.290943] cloud-init[963]: ci-info: |   lo   |  True |          ::1/128           |       .       |  host  |         .         |
[[0;32m  OK  [0m] Reached target System Initialization.
[   34.606468] cloud-init[963]: ci-info: +--------+-------+----------------------------+---------------+--------+-------------------+
[   34.816725] cloud-init[963]: ci-info: +++++++++++++++++++++++++++Route IPv4 info++++++++++++++++++++++++++++
[[0;32m  OK  [0m] Started Daily apt download activities.
[   34.948083] cloud-init[963]: ci-info: +-------+-------------+----------+---------------+-----------+-------+
[   35.116583] cloud-init[963]: ci-info: | Route | Destination | Gateway  |    Genmask    | Interface | Flags |
[[0;32m  OK  [0m] Started ACPI Events Check.
[[0;32m  OK  [0m] Reached target Paths.
[   35.236951] cloud-init[963]: ci-info: +-------+-------------+----------+---------------+-----------+-------+
[   35.481124] cloud-init[963]: ci-info: |   0   |   0.0.0.0   | 10.0.2.2 |    0.0.0.0    |   enp0s3  |   UG  |
[   35.612986] cloud-init[963]: ci-info: |   1   |   10.0.2.0  | 0.0.0.0  | 255.255.255.0 |   enp0s3  |   U   |
         Starting LXD - unix socket.
         Starting Socket activation for snappy daemon.
[   35.742976] cloud-init[963]: ci-info: +-------+-------------+----------+---------------+-----------+-------+
[   35.973008] cloud-init[963]: ci-info: +++++++++++++++++++Route IPv6 info+++++++++++++++++++
[[0;32m  OK  [0m] Started Daily Cleanup of Temporary Directories.
[   36.064148] cloud-init[963]: ci-info: +-------+-------------+---------+-----------+-------+
[   36.188220] cloud-init[963]: ci-info: | Route | Destination | Gateway | Interface | Flags |
[   36.188659] cloud-init[963]: ci-info: +-------+-------------+---------+-----------+-------+
[   36.188713] cloud-init[963]: ci-info: |   0   |  fe80::/64  |    ::   |   enp0s3  |   U   |
[   36.189000] cloud-init[963]: ci-info: |   3   |   ff00::/8  |    ::   |   enp0s3  |   U   |
[   36.189049] cloud-init[963]: ci-info: +-------+-------------+---------+-----------+-------+
[   36.189090] cloud-init[963]: Generating public/private rsa key pair.
[   36.189129] cloud-init[963]: Your identification has been saved in /etc/ssh/ssh_host_rsa_key.
[   36.189173] cloud-init[963]: Your public key has been saved in /etc/ssh/ssh_host_rsa_key.pub.
[   36.189232] cloud-init[963]: The key fingerprint is:
[   36.189363] cloud-init[963]: SHA256:NgTA1SC7rNxA+GWJrDdmVij432MkxuOey3H1nhzqRHE root@ubuntu-xenial
[   36.189435] cloud-init[963]: The key's randomart image is:
[   36.189498] cloud-init[963]: +---[RSA 2048]----+
[   36.189559] cloud-init[963]: |   .oo+o         |
[   36.189613] cloud-init[963]: |.o o.+ ..        |
[   36.189668] cloud-init[963]: |+ = *   o E      |
[   36.189723] cloud-init[963]: | * * . . o       |
[   36.189786] cloud-init[963]: |. X B . S        |
[   36.189844] cloud-init[963]: | * O = + o       |
[   36.189910] cloud-init[963]: |  o = = . o      |
[   36.189966] cloud-init[963]: |   o = o + o     |
[   36.190019] cloud-init[963]: |    =. .o +      |
[   36.190074] cloud-init[963]: +----[SHA256]-----+
[   36.190130] cloud-init[963]: Generating public/private dsa key pair.
[   36.190189] cloud-init[963]: Your identification has been saved in /etc/ssh/ssh_host_dsa_key.
[   36.190308] cloud-init[963]: Your public key has been saved in /etc/ssh/ssh_host_dsa_key.pub.
[   36.190360] cloud-init[963]: The key fingerprint is:
[   36.190404] cloud-init[963]: SHA256:MwRbUxJt1i3gvdvzEnHKscjJrISsxTzEqk9UOxJyvDA root@ubuntu-xenial
[   36.190442] cloud-init[963]: The key's randomart image is:
[   36.190480] cloud-init[963]: +---[DSA 1024]----+
[   36.190517] cloud-init[963]: |      . =+oo .   |
[   36.190564] cloud-init[963]: |     . + ++.o .  |
[   36.190603] cloud-init[963]: |    E =.oo. ..   |
[   36.190640] cloud-init[963]: |     = =o.   .o .|
[   36.190679] cloud-init[963]: |      +*S. +.+ * |
[   36.190717] cloud-init[963]: |     ...B+. *o=  |
[   36.190755] cloud-init[963]: |     ..o o .. o. |
[   36.190794] cloud-init[963]: |    ...   .   .o |
[   36.190833] cloud-init[963]: |     ..        ..|
[   36.190872] cloud-init[963]: +----[SHA256]-----+
[   36.190912] cloud-init[963]: Generating public/private ecdsa key pair.
[   36.190951] cloud-init[963]: Your identification has been saved in /etc/ssh/ssh_host_ecdsa_key.
[   36.190990] cloud-init[963]: Your public key has been saved in /etc/ssh/ssh_host_ecdsa_key.pub.
[   36.191029] cloud-init[963]: The key fingerprint is:
[   36.191067] cloud-init[963]: SHA256:uhSJELjVzOHRoKaHPxBAzRKCwvFS4TYKnY4CT+0OSMo root@ubuntu-xenial
[   36.191106] cloud-init[963]: The key's randomart image is:
[   36.191143] cloud-init[963]: +---[ECDSA 256]---+
[   36.191180] cloud-init[963]: |*=**=+           |
[   36.191273] cloud-init[963]: |*+=O+..          |
[   36.191353] cloud-init[963]: |==O=o            |
[   36.191431] cloud-init[963]: |B@+o.. .         |
[   36.191488] cloud-init[963]: |OE= o o S        |
[   36.191539] cloud-init[963]: |.+ o   o         |
[   36.191581] cloud-init[963]: |  o . o          |
[   36.191625] cloud-init[963]: |   . . .         |
[   36.191668] cloud-init[963]: |      .          |
[   36.191709] cloud-init[963]: +----[SHA256]-----+
[   36.191747] cloud-init[963]: Generating public/private ed25519 key pair.
[   36.191787] cloud-init[963]: Your identification has been saved in /etc/ssh/ssh_host_ed25519_key.
[   36.191827] cloud-init[963]: Your public key has been saved in /etc/ssh/ssh_host_ed25519_key.pub.
[   36.191867] cloud-init[963]: The key fingerprint is:
[   36.191907] cloud-init[963]: SHA256:zo/M9mSu+o9vezxBO7ZaZ4TNFfSvrTe/z/QSWIhma8M root@ubuntu-xenial[[0;32m  OK  [0m] Listening on D-Bus System Message Bus Socket.
[[0;32m  OK  [0m] Started Daily apt upgrade and clean activities.
[[0;32m  OK  [0m] Reached target Timers.
[[0;32m  OK  [0m] Listening on ACPID Listen Socket.
[[0;32m  OK  [0m] Listening on UUID daemon activation socket.
[[0;32m  OK  [0m] Listening on LXD - unix socket.
[[0;32m  OK  [0m] Listening on Socket activation for snappy daemon.

[   40.936020] cloud-init[963]: The key's randomart image is:
[   41.000337] cloud-init[963]: +--[ED25519 256]--+
[   41.072895] cloud-init[963]: |              .o |
[[0;32m  OK  [0m] Started iSCSI initiator daemon (iscsid).
[   41.139159] cloud-init[963]: |                o|
[   41.273369] cloud-init[963]: |           . .  o|
         Starting Login to default iSCSI targets...
[[0;32m  OK  [0m] Reached target Sockets.
[   41.339169] cloud-init[963]: |          + o+...|
[   41.493081] cloud-init[963]: |        S+ o.++ .|
[[0;32m  OK  [0m] Reached target Basic System.
         Starting LSB: MD monitoring daemon...
[[0;32m  OK  [0m] Started Deferred execution scheduler.
[   41.555261] cloud-init[963]: |       o  E *..o |
         Starting Snappy daemon...
[[0;32m  OK  [0m] Started D-Bus System Message Bus.
[   41.791841] cloud-init[963]: |        o.o+.++.o|
[[   41.924412] cloud-init[963]: |       o.B..=o.=o|
[   41.925025] cloud-init[963]: |      .+B*O+ ..+X|
[   41.925114] cloud-init[963]: +----[SHA256]-----+
[0;32m  OK  [0m] Started Regular background program processing daemon.
[[0;32m  OK  [0m] Started ACPI event daemon.
         Starting LXD - container startup/shutdown...
         Starting LSB: Record successful boot for GRUB...
[[0;32m  OK  [0m] Started FUSE filesystem for LXC.
         Starting Login Service...
         Starting Accounts Service...
         Starting Virtualbox guest utils...
         Starting System Logging Service...
         Starting Pollinate to seed the pseudo random number generator...
         Starting /etc/rc.local Compatibility...
[[0;32m  OK  [0m] Started Snappy daemon.
[[0;32m  OK  [0m] Started System Logging Service.
[[0;32m  OK  [0m] Started LXD - container startup/shutdown.
[[0;32m  OK  [0m] Started /etc/rc.local Compatibility.
[[0;32m  OK  [0m] Started Login to default iSCSI targets.
[[0;32m  OK  [0m] Started LSB: MD monitoring daemon.
[[0;32m  OK  [0m] Started LSB: Record successful boot for GRUB.
[[0;32m  OK  [0m] Started Login Service.
[[0;32m  OK  [0m] Started Virtualbox guest utils.
[[0;32m  OK  [0m] Started Unattended Upgrades Shutdown.
         Starting Authenticate and Authorize Users to Run Privileged Tasks...
[[0;32m  OK  [0m] Reached target Remote File Systems (Pre).
[[0;32m  OK  [0m] Reached target Remote File Systems.
         Starting LSB: automatic crash report generation...
         Starting LSB: daemon to balance interrupts for SMP systems...
         Starting Permit User Sessions...
         Starting LSB: Set the CPU Frequency Scaling governor to "ondemand"...
         Starting Wait until snapd is fully seeded...
[[0;32m  OK  [0m] Started Pollinate to seed the pseudo random number generator.
[[0;32m  OK  [0m] Started Permit User Sessions.
[[0;32m  OK  [0m] Started Authenticate and Authorize Users to Run Privileged Tasks.
[[0;32m  OK  [0m] Started Accounts Service.
[[0;32m  OK  [0m] Started LSB: automatic crash report generation.
[[0;32m  OK  [0m] Started LSB: daemon to balance interrupts for SMP systems.
[[0;32m  OK  [0m] Started LSB: Set the CPU Frequency Scaling governor to "ondemand".
         Starting Terminate Plymouth Boot Screen...
         Starting Hold until boot process finishes up...
         Starting OpenBSD Secure Shell server...
[[0;32m  OK  [0m] Started Terminate Plymouth Boot Screen.
[[0;32m  OK  [0m] Started Hold until boot process finishes up.
[[0;32m  OK  [0m] Started OpenBSD Secure Shell server.
[[0;32m  OK  [0m] Started Getty on tty1.
         Starting Set console scheme...
[[0;32m  OK  [0m] Started Serial Getty on ttyS0.
[[0;32m  OK  [0m] Reached target Login Prompts.
[[0;32m  OK  [0m] Started Set console scheme.
[[0;32m  OK  [0m] Created slice User Slice of vagrant.
         Starting User Manager for UID 1000...
[[0;32m  OK  [0m] Started Session 1 of user vagrant.
[[0;32m  OK  [0m] Started User Manager for UID 1000.
[   51.166458] cloud-init[1504]: Generating locales (this might take a while)...

Ubuntu 16.04.6 LTS ubuntu-xenial ttyS0

ubuntu-xenial login: [   52.951555] cloud-init[1504]:   en_US.UTF-8... done
[   52.952870] cloud-init[1504]: Generation complete.
[   53.460615] cloud-init[1504]: Cloud-init v. 19.1-1-gbaa47854-0ubuntu1~16.04.1 running 'modules:config' at Sun, 16 Jun 2019 14:26:22 +0000. Up 51.00 seconds.
ci-info: no authorized ssh keys fingerprints found for user ubuntu.
<14>Jun 16 14:26:25 ec2: 
<14>Jun 16 14:26:25 ec2: #############################################################
<14>Jun 16 14:26:25 ec2: -----BEGIN SSH HOST KEY FINGERPRINTS-----
<14>Jun 16 14:26:25 ec2: 1024 SHA256:MwRbUxJt1i3gvdvzEnHKscjJrISsxTzEqk9UOxJyvDA root@ubuntu-xenial (DSA)
<14>Jun 16 14:26:25 ec2: 256 SHA256:uhSJELjVzOHRoKaHPxBAzRKCwvFS4TYKnY4CT+0OSMo root@ubuntu-xenial (ECDSA)
<14>Jun 16 14:26:25 ec2: 256 SHA256:zo/M9mSu+o9vezxBO7ZaZ4TNFfSvrTe/z/QSWIhma8M root@ubuntu-xenial (ED25519)
<14>Jun 16 14:26:25 ec2: 2048 SHA256:NgTA1SC7rNxA+GWJrDdmVij432MkxuOey3H1nhzqRHE root@ubuntu-xenial (RSA)
<14>Jun 16 14:26:25 ec2: -----END SSH HOST KEY FINGERPRINTS-----
<14>Jun 16 14:26:25 ec2: #############################################################
-----BEGIN SSH HOST KEY KEYS-----
ecdsa-sha2-nistp256 AAAAE2VjZHNhLXNoYTItbmlzdHAyNTYAAAAIbmlzdHAyNTYAAABBBBh463Zs+qBHl3gfq5kdRu0g0f7G0n3Vn7EG86WiOFktU4YwG1GymqmjyvMGyFbV3tnKrHImAZXZCxY6pjLjug4= root@ubuntu-xenial
ssh-ed25519 AAAAC3NzaC1lZDI1NTE5AAAAIHRMjSZQXUF7IV7ELvJBu5vTRIPeECuum4z38GMdUidD root@ubuntu-xenial
ssh-rsa AAAAB3NzaC1yc2EAAAADAQABAAABAQDdAogERAgBrnqNdz/y/UpZZycYwbIwFtUyivkuVjZ/yuLlzCBH3iAgEqflflPb2Cq87laPHmFF2Ra7MLPK+OTn1IKme8CekOGLlW2n2kj0qqfXU7ZVYsBQj01zXEOKwV61XOBNdQN6gp84Vf64Creyw5iwFGL8N1PH/U/WQoTH4qMX52d3TzH4XKO+HljF6EVG1uMbP6WkybrZ1RNUuE1BAv969+Upmth6rV9lq8AdkoeYWi1Y2pX8mPEz+wdo8IFIDXWgWbg+TGdB86FEpdeBiPhax6KyilTKLwuYhm/pk4mzCdUoEHwQhyRMkUloHBHbGEnkhLf1ddkj663hn2C7 root@ubuntu-xenial
-----END SSH HOST KEY KEYS-----
[   54.178947] cloud-init[1653]: Cloud-init v. 19.1-1-gbaa47854-0ubuntu1~16.04.1 running 'modules:final' at Sun, 16 Jun 2019 14:26:25 +0000. Up 53.97 seconds.
[   54.179130] cloud-init[1653]: ci-info: no authorized ssh keys fingerprints found for user ubuntu.
[   54.179236] cloud-init[1653]: Cloud-init v. 19.1-1-gbaa47854-0ubuntu1~16.04.1 finished at Sun, 16 Jun 2019 14:26:25 +0000. Datasource DataSourceNoCloud [seed=/dev/sdb][dsmode=net].  Up 54.16 seconds
